<?xml version="1.0" encoding="UTF-8"?>
<!-- Generated by org.testng.reporters.JUnitXMLReporter -->
<testsuite ignored="0" hostname="IN-DCY1GK3" failures="0" tests="3" name="Test" time="61.593" errors="0" timestamp="2023-08-14T00:36:01 IST">
  <testcase classname="com.nagp.tests.CreateAccountTest" name="createAccountTest" time="4.289"/>
  <testcase classname="com.nagp.tests.AddToCartAndCheckOutTest" name="AddToCartCheckOut" time="19.607"/>
  <testcase classname="com.nagp.tests.ChooseProductFromDropDownTest" name="ChoosePro" time="3.905"/>
</testsuite> <!-- Test -->
