<?xml version="1.0" encoding="UTF-8"?>
<testng-results ignored="0" total="5" passed="5" failed="0" skipped="0">
  <reporter-output>
  </reporter-output>
  <suite started-at="2023-08-13T20:46:52 IST" name="Suite" finished-at="2023-08-13T20:48:31 IST" duration-ms="99211">
    <groups>
      <group name="Sanity">
        <method signature="AddToCartAndCheckOutTest.AddToCartCheckOut(java.lang.String,java.lang.String)[pri:1, instance:com.nagp.tests.AddToCartAndCheckOutTest@6aa61224]" name="AddToCartCheckOut" class="com.nagp.tests.AddToCartAndCheckOutTest"/>
        <method signature="ChooseProductFromDropDownTest.ChoosePro()[pri:1, instance:com.nagp.tests.ChooseProductFromDropDownTest@30bce90b]" name="ChoosePro" class="com.nagp.tests.ChooseProductFromDropDownTest"/>
        <method signature="ReadAndWriteReviewsForProductTest.ReadReviewTest()[pri:1, instance:com.nagp.tests.ReadAndWriteReviewsForProductTest@3e6f3f28]" name="ReadReviewTest" class="com.nagp.tests.ReadAndWriteReviewsForProductTest"/>
        <method signature="ReadAndWriteReviewsForProductTest.WriteReviewTest(java.lang.String,java.lang.String,java.lang.String)[pri:2, instance:com.nagp.tests.ReadAndWriteReviewsForProductTest@3e6f3f28]" name="WriteReviewTest" class="com.nagp.tests.ReadAndWriteReviewsForProductTest"/>
      </group> <!-- Sanity -->
    </groups>
    <test started-at="2023-08-13T20:46:52 IST" name="Test" finished-at="2023-08-13T20:48:31 IST" duration-ms="99211">
      <class name="com.nagp.tests.ReadAndWriteReviewsForProductTest">
        <test-method is-config="true" signature="setup()[pri:0, instance:com.nagp.tests.ReadAndWriteReviewsForProductTest@3e6f3f28]" started-at="2023-08-13T20:47:57 IST" name="setup" finished-at="2023-08-13T20:48:05 IST" duration-ms="7597" status="PASS">
          <reporter-output>
          </reporter-output>
        </test-method> <!-- setup -->
        <test-method signature="ReadReviewTest()[pri:1, instance:com.nagp.tests.ReadAndWriteReviewsForProductTest@3e6f3f28]" started-at="2023-08-13T20:48:05 IST" name="ReadReviewTest" description="Read Reviews Fucntionality" finished-at="2023-08-13T20:48:12 IST" duration-ms="6964" status="PASS">
          <reporter-output>
          </reporter-output>
        </test-method> <!-- ReadReviewTest -->
        <test-method is-config="true" signature="tearDown()[pri:0, instance:com.nagp.tests.ReadAndWriteReviewsForProductTest@3e6f3f28]" started-at="2023-08-13T20:48:12 IST" name="tearDown" finished-at="2023-08-13T20:48:12 IST" duration-ms="346" status="PASS">
          <reporter-output>
          </reporter-output>
        </test-method> <!-- tearDown -->
        <test-method is-config="true" signature="setup()[pri:0, instance:com.nagp.tests.ReadAndWriteReviewsForProductTest@3e6f3f28]" started-at="2023-08-13T20:48:12 IST" name="setup" finished-at="2023-08-13T20:48:21 IST" duration-ms="8469" status="PASS">
          <reporter-output>
          </reporter-output>
        </test-method> <!-- setup -->
        <test-method signature="WriteReviewTest(java.lang.String,java.lang.String,java.lang.String)[pri:2, instance:com.nagp.tests.ReadAndWriteReviewsForProductTest@3e6f3f28]" started-at="2023-08-13T20:48:21 IST" name="WriteReviewTest" description="Test Fuctionality For Write Review" data-provider="writeReview" finished-at="2023-08-13T20:48:31 IST" duration-ms="10027" status="PASS">
          <params>
            <param index="0">
              <value>
                <![CDATA[Tannu]]>
              </value>
            </param>
            <param index="1">
              <value>
                <![CDATA[it is really good]]>
              </value>
            </param>
            <param index="2">
              <value>
                <![CDATA[fine product]]>
              </value>
            </param>
          </params>
          <reporter-output>
          </reporter-output>
        </test-method> <!-- WriteReviewTest -->
        <test-method is-config="true" signature="tearDown()[pri:0, instance:com.nagp.tests.ReadAndWriteReviewsForProductTest@3e6f3f28]" started-at="2023-08-13T20:48:31 IST" name="tearDown" finished-at="2023-08-13T20:48:31 IST" duration-ms="325" status="PASS">
          <reporter-output>
          </reporter-output>
        </test-method> <!-- tearDown -->
      </class> <!-- com.nagp.tests.ReadAndWriteReviewsForProductTest -->
      <class name="com.nagp.tests.CreateAccountTest">
        <test-method is-config="true" signature="setup()[pri:0, instance:com.nagp.tests.CreateAccountTest@7cb502c]" started-at="2023-08-13T20:46:52 IST" name="setup" finished-at="2023-08-13T20:47:02 IST" duration-ms="10006" status="PASS">
          <reporter-output>
          </reporter-output>
        </test-method> <!-- setup -->
        <test-method signature="createAccountTest()[pri:1, instance:com.nagp.tests.CreateAccountTest@7cb502c]" started-at="2023-08-13T20:47:02 IST" name="createAccountTest" description="Create New Account using Faker Details" finished-at="2023-08-13T20:47:06 IST" duration-ms="3915" status="PASS">
          <reporter-output>
          </reporter-output>
        </test-method> <!-- createAccountTest -->
        <test-method is-config="true" signature="tearDown()[pri:0, instance:com.nagp.tests.CreateAccountTest@7cb502c]" started-at="2023-08-13T20:47:06 IST" name="tearDown" finished-at="2023-08-13T20:47:06 IST" duration-ms="265" status="PASS">
          <reporter-output>
          </reporter-output>
        </test-method> <!-- tearDown -->
      </class> <!-- com.nagp.tests.CreateAccountTest -->
      <class name="com.nagp.tests.AddToCartAndCheckOutTest">
        <test-method is-config="true" signature="setup()[pri:0, instance:com.nagp.tests.AddToCartAndCheckOutTest@6aa61224]" started-at="2023-08-13T20:47:07 IST" name="setup" finished-at="2023-08-13T20:47:15 IST" duration-ms="7987" status="PASS">
          <reporter-output>
          </reporter-output>
        </test-method> <!-- setup -->
        <test-method signature="AddToCartCheckOut(java.lang.String,java.lang.String)[pri:1, instance:com.nagp.tests.AddToCartAndCheckOutTest@6aa61224]" started-at="2023-08-13T20:47:15 IST" name="AddToCartCheckOut" description="Test Add to cart Fuctionality with checkOut" data-provider="validCredentialsLogin" finished-at="2023-08-13T20:47:42 IST" duration-ms="27067" status="PASS">
          <params>
            <param index="0">
              <value>
                <![CDATA[gtanu8444448@gmail.com]]>
              </value>
            </param>
            <param index="1">
              <value>
                <![CDATA[Qwerty@1234]]>
              </value>
            </param>
          </params>
          <reporter-output>
          </reporter-output>
        </test-method> <!-- AddToCartCheckOut -->
        <test-method is-config="true" signature="tearDown()[pri:0, instance:com.nagp.tests.AddToCartAndCheckOutTest@6aa61224]" started-at="2023-08-13T20:47:42 IST" name="tearDown" finished-at="2023-08-13T20:47:43 IST" duration-ms="402" status="PASS">
          <reporter-output>
          </reporter-output>
        </test-method> <!-- tearDown -->
      </class> <!-- com.nagp.tests.AddToCartAndCheckOutTest -->
      <class name="com.nagp.tests.ChooseProductFromDropDownTest">
        <test-method is-config="true" signature="setup()[pri:0, instance:com.nagp.tests.ChooseProductFromDropDownTest@30bce90b]" started-at="2023-08-13T20:47:43 IST" name="setup" finished-at="2023-08-13T20:47:51 IST" duration-ms="8564" status="PASS">
          <reporter-output>
          </reporter-output>
        </test-method> <!-- setup -->
        <test-method signature="ChoosePro()[pri:1, instance:com.nagp.tests.ChooseProductFromDropDownTest@30bce90b]" started-at="2023-08-13T20:47:51 IST" name="ChoosePro" description="Choose Product from inhereted dropdowns" finished-at="2023-08-13T20:47:57 IST" duration-ms="5514" status="PASS">
          <reporter-output>
          </reporter-output>
        </test-method> <!-- ChoosePro -->
        <test-method is-config="true" signature="tearDown()[pri:0, instance:com.nagp.tests.ChooseProductFromDropDownTest@30bce90b]" started-at="2023-08-13T20:47:57 IST" name="tearDown" finished-at="2023-08-13T20:47:57 IST" duration-ms="344" status="PASS">
          <reporter-output>
          </reporter-output>
        </test-method> <!-- tearDown -->
      </class> <!-- com.nagp.tests.ChooseProductFromDropDownTest -->
    </test> <!-- Test -->
  </suite> <!-- Suite -->
</testng-results>
